make --dry-run --always-make --keep-going --print-directory
make: Entering directory `/sgoinfre/Perso/tnard/42-webserv'
mkdir -p objs/
mkdir -p objs//srcs
mkdir -p objs//srcs/File
mkdir -p objs//srcs/Config
mkdir -p objs//srcs/Config/Location
mkdir -p objs//srcs/Server
mkdir -p objs//srcs/Request
mkdir -p objs//srcs/Response
mkdir -p objs//srcs/URL
mkdir -p objs//srcs/Utils
c++ -std=c++98  -c main.cpp -o objs/main.o
printf	"\033[2K\r\033[0;34m[BUILD]\033[0m 'main.cpp' \e[0m"
mkdir -p objs/
mkdir -p objs//srcs
mkdir -p objs//srcs/File
mkdir -p objs//srcs/Config
mkdir -p objs//srcs/Config/Location
mkdir -p objs//srcs/Server
mkdir -p objs//srcs/Request
mkdir -p objs//srcs/Response
mkdir -p objs//srcs/URL
mkdir -p objs//srcs/Utils
c++ -std=c++98  -c srcs/File/File.cpp -o objs/srcs/File/File.o
printf	"\033[2K\r\033[0;34m[BUILD]\033[0m 'srcs/File/File.cpp' \e[0m"
mkdir -p objs/
mkdir -p objs//srcs
mkdir -p objs//srcs/File
mkdir -p objs//srcs/Config
mkdir -p objs//srcs/Config/Location
mkdir -p objs//srcs/Server
mkdir -p objs//srcs/Request
mkdir -p objs//srcs/Response
mkdir -p objs//srcs/URL
mkdir -p objs//srcs/Utils
c++ -std=c++98  -c srcs/Server/Server.cpp -o objs/srcs/Server/Server.o
printf	"\033[2K\r\033[0;34m[BUILD]\033[0m 'srcs/Server/Server.cpp' \e[0m"
mkdir -p objs/
mkdir -p objs//srcs
mkdir -p objs//srcs/File
mkdir -p objs//srcs/Config
mkdir -p objs//srcs/Config/Location
mkdir -p objs//srcs/Server
mkdir -p objs//srcs/Request
mkdir -p objs//srcs/Response
mkdir -p objs//srcs/URL
mkdir -p objs//srcs/Utils
c++ -std=c++98  -c srcs/Config/Config.cpp -o objs/srcs/Config/Config.o
printf	"\033[2K\r\033[0;34m[BUILD]\033[0m 'srcs/Config/Config.cpp' \e[0m"
mkdir -p objs/
mkdir -p objs//srcs
mkdir -p objs//srcs/File
mkdir -p objs//srcs/Config
mkdir -p objs//srcs/Config/Location
mkdir -p objs//srcs/Server
mkdir -p objs//srcs/Request
mkdir -p objs//srcs/Response
mkdir -p objs//srcs/URL
mkdir -p objs//srcs/Utils
c++ -std=c++98  -c srcs/Request/Request.cpp -o objs/srcs/Request/Request.o
printf	"\033[2K\r\033[0;34m[BUILD]\033[0m 'srcs/Request/Request.cpp' \e[0m"
mkdir -p objs/
mkdir -p objs//srcs
mkdir -p objs//srcs/File
mkdir -p objs//srcs/Config
mkdir -p objs//srcs/Config/Location
mkdir -p objs//srcs/Server
mkdir -p objs//srcs/Request
mkdir -p objs//srcs/Response
mkdir -p objs//srcs/URL
mkdir -p objs//srcs/Utils
c++ -std=c++98  -c srcs/Response/Response.cpp -o objs/srcs/Response/Response.o
printf	"\033[2K\r\033[0;34m[BUILD]\033[0m 'srcs/Response/Response.cpp' \e[0m"
mkdir -p objs/
mkdir -p objs//srcs
mkdir -p objs//srcs/File
mkdir -p objs//srcs/Config
mkdir -p objs//srcs/Config/Location
mkdir -p objs//srcs/Server
mkdir -p objs//srcs/Request
mkdir -p objs//srcs/Response
mkdir -p objs//srcs/URL
mkdir -p objs//srcs/Utils
c++ -std=c++98  -c start_servers.cpp -o objs/start_servers.o
printf	"\033[2K\r\033[0;34m[BUILD]\033[0m 'start_servers.cpp' \e[0m"
mkdir -p objs/
mkdir -p objs//srcs
mkdir -p objs//srcs/File
mkdir -p objs//srcs/Config
mkdir -p objs//srcs/Config/Location
mkdir -p objs//srcs/Server
mkdir -p objs//srcs/Request
mkdir -p objs//srcs/Response
mkdir -p objs//srcs/URL
mkdir -p objs//srcs/Utils
c++ -std=c++98  -c srcs/Config/Location/Location.cpp -o objs/srcs/Config/Location/Location.o
printf	"\033[2K\r\033[0;34m[BUILD]\033[0m 'srcs/Config/Location/Location.cpp' \e[0m"
mkdir -p objs/
mkdir -p objs//srcs
mkdir -p objs//srcs/File
mkdir -p objs//srcs/Config
mkdir -p objs//srcs/Config/Location
mkdir -p objs//srcs/Server
mkdir -p objs//srcs/Request
mkdir -p objs//srcs/Response
mkdir -p objs//srcs/URL
mkdir -p objs//srcs/Utils
c++ -std=c++98  -c srcs/URL/URL.cpp -o objs/srcs/URL/URL.o
printf	"\033[2K\r\033[0;34m[BUILD]\033[0m 'srcs/URL/URL.cpp' \e[0m"
mkdir -p objs/
mkdir -p objs//srcs
mkdir -p objs//srcs/File
mkdir -p objs//srcs/Config
mkdir -p objs//srcs/Config/Location
mkdir -p objs//srcs/Server
mkdir -p objs//srcs/Request
mkdir -p objs//srcs/Response
mkdir -p objs//srcs/URL
mkdir -p objs//srcs/Utils
c++ -std=c++98  -c srcs/Utils/Utils.cpp -o objs/srcs/Utils/Utils.o
printf	"\033[2K\r\033[0;34m[BUILD]\033[0m 'srcs/Utils/Utils.cpp' \e[0m"
c++ -o webserv objs/main.o objs/srcs/File/File.o objs/srcs/Server/Server.o objs/srcs/Config/Config.o objs/srcs/Request/Request.o objs/srcs/Response/Response.o objs/start_servers.o objs/srcs/Config/Location/Location.o objs/srcs/URL/URL.o objs/srcs/Utils/Utils.o -std=c++98 
printf "\033[2K\r\033[0;32m[END]\033[0m webserv\e[0m\n"
make: Leaving directory `/sgoinfre/Perso/tnard/42-webserv'
 
