make all --print-data-base --no-builtin-variables --no-builtin-rules --question
# GNU Make 3.81
# Copyright (C) 2006  Free Software Foundation, Inc.
# This is free software; see the source for copying conditions.
# There is NO warranty; not even for MERCHANTABILITY or FITNESS FOR A
# PARTICULAR PURPOSE.

# This program built for i386-apple-darwin11.3.0

# Make data base, printed on Tue Jul 12 15:22:06 2022

# Variables

# automatic
<D = $(patsubst %/,%,$(dir $<))
# automatic
?F = $(notdir $?)
# makefile (from `Makefile', line 16)
RST = \033[0m
# makefile (from `Makefile', line 29)
PROJECT_H = srcs/File/File.hpp srcs/Server/Server.hpp srcs/Config/Config.hpp srcs/Request/Request.hpp srcs/Response/Response.hpp includes/webserv.hpp srcs/URL/URL.hpp srcs/Utils/Utils.hpp
# environment
VSCODE_LOG_NATIVE = false
# automatic
?D = $(patsubst %/,%,$(dir $?))
# automatic
@D = $(patsubst %/,%,$(dir $@))
# automatic
@F = $(notdir $@)
# makefile
CURDIR := /sgoinfre/Perso/tnard/42-webserv
# makefile
SHELL = /bin/sh
# environment
VSCODE_NLS_CONFIG = {"locale":"en-us","availableLanguages":{},"_languagePackSupport":true}
# environment
_ = /usr/bin/make
# makefile (from `Makefile', line 1)
MAKEFILE_LIST :=  Makefile
# makefile (from `Makefile', line 19)
SRCS = main.cpp srcs/File/File.cpp srcs/Server/Server.cpp srcs/Config/Config.cpp srcs/Request/Request.cpp srcs/Response/Response.cpp start_servers.cpp srcs/Config/Location/Location.cpp srcs/URL/URL.cpp srcs/Utils/Utils.cpp
# environment
VSCODE_VERBOSE_LOGGING = true
# makefile (from `Makefile', line 34)
OBJS = $(SRCS:.cpp=.o)
# environment
VSCODE_IPC_HOOK_EXTHOST = /var/folders/zz/zyxvpxvq6csfxvn_n000b7d8002sv_/T/vscode-ipc-5441a2e0-be09-40ba-a284-b107c2ff6cac.sock
# environment
VSCODE_CWD = /
# environment
Apple_PubSub_Socket_Render = /private/tmp/com.apple.launchd.3BytfJ8fpK/Render
# environment
PATH = /Users/tnard/.brew/bin:/Users/tnard/.brew/bin:/usr/local/bin:/usr/bin:/bin:/usr/sbin:/sbin:/usr/local/munki:/opt/X11/bin:/Users/tnard/.brew/bin
# makefile (from `Makefile', line 17)
END = \e[0m
# environment
NODE_ENV = production
# makefile (from `Makefile', line 35)
OBJECTS_PREFIXED = $(addprefix $(OBJS_DIR), $(OBJS))
# environment
VSCODE_LOG_STACK = false
# environment
ELECTRON_RUN_AS_NODE = 1
# default
.FEATURES := target-specific order-only second-expansion else-if archives jobserver check-symlink
# makefile (from `Makefile', line 14)
GRN = \033[0;32m
# makefile (from `Makefile', line 37)
CC_FLAGS = -std=c++98 
# environment
SSH_AUTH_SOCK = /private/tmp/com.apple.launchd.egMiGZSRxV/Listeners
# automatic
%F = $(notdir $%)
# environment
HOMEBREW_TEMP = /tmp/tnard/Homebrew/Temp
# environment
DISPLAY = /private/tmp/com.apple.launchd.m33eXDhzls/org.xquartz:0
# environment
VSCODE_PIPE_LOGGING = true
# environment
PWD = /sgoinfre/Perso/tnard/42-webserv
# environment
ORIGINAL_XDG_CURRENT_DESKTOP = undefined
# makefile (from `Makefile', line 13)
BLU = \033[0;34m
# environment
VSCODE_AMD_ENTRYPOINT = vs/workbench/api/node/extensionHostProcess
# environment
HOME = /Users/tnard
# default
MAKEFILEPATH := /Applications/Xcode.app/Contents/Developer/Makefiles
# environment
VSCODE_CODE_CACHE_PATH = /Users/tnard/Library/Application Support/Code/CachedData/57fd6d0195bb9b9d1b49f6da5db789060795de47
# environment
LOGNAME = tnard
# environment
APPLICATION_INSIGHTS_NO_DIAGNOSTIC_CHANNEL = 1
# environment
VSCODE_HANDLES_UNCAUGHT_ERRORS = true
# automatic
^D = $(patsubst %/,%,$(dir $^))
# environment
XPC_FLAGS = 0x0
# default
MAKE = $(MAKE_COMMAND)
# default
MAKECMDGOALS := all
# environment
HOMEBREW_CACHE = /tmp/tnard/Homebrew/Caches
# environment
SHLVL = 2
# makefile (from `Makefile', line 36)
CC = c++
# default
MAKE_VERSION := 3.81
# environment
USER = tnard
# makefile
.DEFAULT_GOAL := webserv
# makefile (from `Makefile', line 27)
NAME = webserv
# automatic
%D = $(patsubst %/,%,$(dir $%))
# default
MAKE_COMMAND := /Applications/Xcode.app/Contents/Developer/usr/bin/make
# default
.VARIABLES := 
# environment
TMPDIR = /var/folders/zz/zyxvpxvq6csfxvn_n000b7d8002sv_/T/
# automatic
*F = $(notdir $*)
# environment
VSCODE_IPC_HOOK = /Users/tnard/Library/Application Support/Code/1.67.0-main.sock
# makefile (from `Makefile', line 15)
RED = \033[0;31m
# makefile
MAKEFLAGS = Rrqp
# environment
PROMPT = %F{blue}%n%f@%F{green}%m %F{magenta}%~ %f%#>
# environment
MFLAGS = -Rrqp
# automatic
*D = $(patsubst %/,%,$(dir $*))
# environment
XPC_SERVICE_NAME = com.axosoft.gitkraken.1320
# makefile (from `Makefile', line 28)
OBJS_DIR = objs/
# automatic
+D = $(patsubst %/,%,$(dir $+))
# automatic
+F = $(notdir $+)
# environment
__CF_USER_TEXT_ENCODING = 0x1676A:0x0:0x0
# default
MAKEFILES := 
# automatic
<F = $(notdir $<)
# environment
LC_ALL = C
# automatic
^F = $(notdir $^)
# default
SUFFIXES := 
# default
.INCLUDE_DIRS = /usr/local/include
# environment
MAKELEVEL := 0
# environment
LANG = C
# environment
VSCODE_PID = 96202
# variable set hash-table stats:
# Load=79/1024=8%, Rehash=0, Collisions=5/128=4%

# Pattern-specific Variable Values

# No pattern-specific variable values.

# Directories

# srcs/File (device 436207619, inode 211476): 4 files, no impossibilities so far.
# srcs/Server (device 436207619, inode 211482): 4 files, no impossibilities so far.
# . (device 436207619, inode 211397): 24 files, no impossibilities.
# srcs/Response (device 436207619, inode 310738): 4 files, no impossibilities so far.
# srcs/Config (device 436207619, inode 211473): 5 files, no impossibilities so far.
# includes (device 436207619, inode 211457): 3 files, no impossibilities so far.
# srcs/Utils (device 436207619, inode 330311): 4 files, no impossibilities so far.
# srcs/Config/Location (device 436207619, inode 310735): 4 files, no impossibilities so far.
# srcs/Request (device 436207619, inode 211479): 4 files, no impossibilities so far.
# srcs/URL (device 436207619, inode 328158): 4 files, no impossibilities so far.

# 60 files, no impossibilities in 10 directories.

# Implicit Rules

objs/%.o: %.cpp srcs/File/File.hpp srcs/Server/Server.hpp srcs/Config/Config.hpp srcs/Request/Request.hpp srcs/Response/Response.hpp includes/webserv.hpp srcs/URL/URL.hpp srcs/Utils/Utils.hpp
#  commands to execute (from `Makefile', line 40):
	@mkdir -p $(OBJS_DIR)
	@mkdir -p $(OBJS_DIR)/srcs
	@mkdir -p $(OBJS_DIR)/srcs/File
	@mkdir -p $(OBJS_DIR)/srcs/Config
	@mkdir -p $(OBJS_DIR)/srcs/Config/Location
	@mkdir -p $(OBJS_DIR)/srcs/Server
	@mkdir -p $(OBJS_DIR)/srcs/Request
	@mkdir -p $(OBJS_DIR)/srcs/Response
	@mkdir -p $(OBJS_DIR)/srcs/URL
	@mkdir -p $(OBJS_DIR)/srcs/Utils
	@$(CC) $(CC_FLAGS) -c $< -o $@
	@printf	"\033[2K\r${BLU}[BUILD]${RST} '$<' $(END)"
	

# 1 implicit rules, 0 (0.0%) terminal.

# Files

objs/srcs/Response/Response.o: srcs/Response/Response.cpp srcs/File/File.hpp srcs/Server/Server.hpp srcs/Config/Config.hpp srcs/Request/Request.hpp srcs/Response/Response.hpp includes/webserv.hpp srcs/URL/URL.hpp srcs/Utils/Utils.hpp
#  Implicit rule search has been done.
#  Implicit/static pattern stem: `srcs/Response/Response'
#  Last modified 2022-07-12 11:10:51
#  File has been updated.
#  Successfully updated.
# variable set hash-table stats:
# Load=0/32=0%, Rehash=0, Collisions=0/0=0%
#  commands to execute (from `Makefile', line 40):
	@mkdir -p $(OBJS_DIR)
	@mkdir -p $(OBJS_DIR)/srcs
	@mkdir -p $(OBJS_DIR)/srcs/File
	@mkdir -p $(OBJS_DIR)/srcs/Config
	@mkdir -p $(OBJS_DIR)/srcs/Config/Location
	@mkdir -p $(OBJS_DIR)/srcs/Server
	@mkdir -p $(OBJS_DIR)/srcs/Request
	@mkdir -p $(OBJS_DIR)/srcs/Response
	@mkdir -p $(OBJS_DIR)/srcs/URL
	@mkdir -p $(OBJS_DIR)/srcs/Utils
	@$(CC) $(CC_FLAGS) -c $< -o $@
	@printf	"\033[2K\r${BLU}[BUILD]${RST} '$<' $(END)"
	

# Not a target:
srcs/Server/Server.hpp:
#  Implicit rule search has been done.
#  Last modified 2022-07-12 11:01:02
#  File has been updated.
#  Successfully updated.
# variable set hash-table stats:
# Load=0/32=0%, Rehash=0, Collisions=0/0=0%

# Not a target:
srcs/Utils/Utils.cpp:
#  Implicit rule search has been done.
#  Last modified 2022-07-12 12:07:50
#  File has been updated.
#  Successfully updated.
# variable set hash-table stats:
# Load=0/32=0%, Rehash=0, Collisions=0/0=0%

 
objs/main.o: main.cpp srcs/File/File.hpp srcs/Server/Server.hpp srcs/Config/Config.hpp srcs/Request/Request.hpp srcs/Response/Response.hpp includes/webserv.hpp srcs/URL/URL.hpp srcs/Utils/Utils.hpp
#  Implicit rule search has been done.
#  Implicit/static pattern stem: `main'
#  Last modified 2022-07-12 11:10:47
#  File has been updated.
#  Successfully updated.
# variable set hash-table stats:
# Load=0/32=0%, Rehash=0, Collisions=0/0=0%
#  commands to execute (from `Makefile', line 40):
	@mkdir -p $(OBJS_DIR)
	@mkdir -p $(OBJS_DIR)/srcs
	@mkdir -p $(OBJS_DIR)/srcs/File
	@mkdir -p $(OBJS_DIR)/srcs/Config
	@mkdir -p $(OBJS_DIR)/srcs/Config/Location
	@mkdir -p $(OBJS_DIR)/srcs/Server
	@mkdir -p $(OBJS_DIR)/srcs/Request
	@mkdir -p $(OBJS_DIR)/srcs/Response
	@mkdir -p $(OBJS_DIR)/srcs/URL
	@mkdir -p $(OBJS_DIR)/srcs/Utils
	@$(CC) $(CC_FLAGS) -c $< -o $@
	@printf	"\033[2K\r${BLU}[BUILD]${RST} '$<' $(END)"
	

all: webserv
#  Phony target (prerequisite of .PHONY).
#  Command-line target.
#  Implicit rule search has not been done.
#  File does not exist.
#  File has been updated.
#  Needs to be updated (-q is set).
# variable set hash-table stats:
# Load=0/32=0%, Rehash=0, Collisions=0/17=0%

webserv: objs/main.o objs/srcs/File/File.o objs/srcs/Server/Server.o objs/srcs/Config/Config.o objs/srcs/Request/Request.o objs/srcs/Response/Response.o objs/start_servers.o objs/srcs/Config/Location/Location.o objs/srcs/URL/URL.o objs/srcs/Utils/Utils.o
#  Implicit rule search has not been done.
#  Last modified 2022-07-12 11:10:54
#  File has been updated.
#  Needs to be updated (-q is set).
# variable set hash-table stats:
# Load=0/32=0%, Rehash=0, Collisions=0/17=0%
#  commands to execute (from `Makefile', line 54):
	@$(CC) -o $(NAME) $(OBJECTS_PREFIXED) $(CC_FLAGS)
	@printf "\033[2K\r\033[0;32m[END]\033[0m $(NAME)$(END)\n"
	

.PHONY: all clean fclean re
#  Implicit rule search has not been done.
#  Modification time never checked.
#  File has not been updated.

# Not a target:
srcs/Response/Response.hpp:
#  Implicit rule search has been done.
#  Last modified 2022-07-12 11:01:02
#  File has been updated.
#  Successfully updated.
# variable set hash-table stats:
# Load=0/32=0%, Rehash=0, Collisions=0/0=0%

# Not a target:
srcs/Utils/Utils.hpp:
#  Implicit rule search has been done.
#  Last modified 2022-07-12 11:01:02
#  File has been updated.
#  Successfully updated.
# variable set hash-table stats:
# Load=0/32=0%, Rehash=0, Collisions=0/0=0%

# Not a target:
srcs/Request/Request.cpp:
#  Implicit rule search has been done.
#  Last modified 2022-07-12 11:01:02
#  File has been updated.
#  Successfully updated.
# variable set hash-table stats:
# Load=0/32=0%, Rehash=0, Collisions=0/0=0%

# Not a target:
.SUFFIXES:
#  Implicit rule search has not been done.
#  Modification time never checked.
#  File has not been updated.

# Not a target:
Makefile:
#  Implicit rule search has been done.
#  Last modified 2022-07-12 11:01:02
#  File has been updated.
#  Successfully updated.
# variable set hash-table stats:
# Load=0/32=0%, Rehash=0, Collisions=0/0=0%

objs/srcs/Request/Request.o: srcs/Request/Request.cpp srcs/File/File.hpp srcs/Server/Server.hpp srcs/Config/Config.hpp srcs/Request/Request.hpp srcs/Response/Response.hpp includes/webserv.hpp srcs/URL/URL.hpp srcs/Utils/Utils.hpp
#  Implicit rule search has been done.
#  Implicit/static pattern stem: `srcs/Request/Request'
#  Last modified 2022-07-12 11:10:50
#  File has been updated.
#  Successfully updated.
# variable set hash-table stats:
# Load=0/32=0%, Rehash=0, Collisions=0/0=0%
#  commands to execute (from `Makefile', line 40):
	@mkdir -p $(OBJS_DIR)
	@mkdir -p $(OBJS_DIR)/srcs
	@mkdir -p $(OBJS_DIR)/srcs/File
	@mkdir -p $(OBJS_DIR)/srcs/Config
	@mkdir -p $(OBJS_DIR)/srcs/Config/Location
	@mkdir -p $(OBJS_DIR)/srcs/Server
	@mkdir -p $(OBJS_DIR)/srcs/Request
	@mkdir -p $(OBJS_DIR)/srcs/Response
	@mkdir -p $(OBJS_DIR)/srcs/URL
	@mkdir -p $(OBJS_DIR)/srcs/Utils
	@$(CC) $(CC_FLAGS) -c $< -o $@
	@printf	"\033[2K\r${BLU}[BUILD]${RST} '$<' $(END)"
	

# Not a target:
srcs/Config/Location/Location.cpp:
#  Implicit rule search has been done.
#  Last modified 2022-07-12 11:01:02
#  File has been updated.
#  Successfully updated.
# variable set hash-table stats:
# Load=0/32=0%, Rehash=0, Collisions=0/0=0%

# Not a target:
srcs/Request/Request.hpp:
#  Implicit rule search has been done.
#  Last modified 2022-07-12 11:01:02
#  File has been updated.
#  Successfully updated.
# variable set hash-table stats:
# Load=0/32=0%, Rehash=0, Collisions=0/0=0%

objs/srcs/Config/Location/Location.o: srcs/Config/Location/Location.cpp srcs/File/File.hpp srcs/Server/Server.hpp srcs/Config/Config.hpp srcs/Request/Request.hpp srcs/Response/Response.hpp includes/webserv.hpp srcs/URL/URL.hpp srcs/Utils/Utils.hpp
#  Implicit rule search has been done.
#  Implicit/static pattern stem: `srcs/Config/Location/Location'
#  Last modified 2022-07-12 11:10:52
#  File has been updated.
#  Successfully updated.
# variable set hash-table stats:
# Load=0/32=0%, Rehash=0, Collisions=0/0=0%
#  commands to execute (from `Makefile', line 40):
	@mkdir -p $(OBJS_DIR)
	@mkdir -p $(OBJS_DIR)/srcs
	@mkdir -p $(OBJS_DIR)/srcs/File
	@mkdir -p $(OBJS_DIR)/srcs/Config
	@mkdir -p $(OBJS_DIR)/srcs/Config/Location
	@mkdir -p $(OBJS_DIR)/srcs/Server
	@mkdir -p $(OBJS_DIR)/srcs/Request
	@mkdir -p $(OBJS_DIR)/srcs/Response
	@mkdir -p $(OBJS_DIR)/srcs/URL
	@mkdir -p $(OBJS_DIR)/srcs/Utils
	@$(CC) $(CC_FLAGS) -c $< -o $@
	@printf	"\033[2K\r${BLU}[BUILD]${RST} '$<' $(END)"
	

# Not a target:
main.cpp:
#  Implicit rule search has been done.
#  Last modified 2022-07-12 11:02:39
#  File has been updated.
#  Successfully updated.
# variable set hash-table stats:
# Load=0/32=0%, Rehash=0, Collisions=0/0=0%

# Not a target:
srcs/URL/URL.cpp:
#  Implicit rule search has been done.
#  Last modified 2022-07-12 11:01:02
#  File has been updated.
#  Successfully updated.
# variable set hash-table stats:
# Load=0/32=0%, Rehash=0, Collisions=0/0=0%

# Not a target:
srcs/File/File.cpp:
#  Implicit rule search has been done.
#  Last modified 2022-07-12 11:01:02
#  File has been updated.
#  Successfully updated.
# variable set hash-table stats:
# Load=0/32=0%, Rehash=0, Collisions=0/0=0%

objs/srcs/Utils/Utils.o: srcs/Utils/Utils.cpp srcs/File/File.hpp srcs/Server/Server.hpp srcs/Config/Config.hpp srcs/Request/Request.hpp srcs/Response/Response.hpp includes/webserv.hpp srcs/URL/URL.hpp srcs/Utils/Utils.hpp
#  Implicit rule search has been done.
#  Implicit/static pattern stem: `srcs/Utils/Utils'
#  Last modified 2022-07-12 11:10:53
#  File has been updated.
#  Needs to be updated (-q is set).
# automatic
# @ := objs/srcs/Utils/Utils.o
# automatic
# % := 
# automatic
# * := srcs/Utils/Utils
# automatic
# + := srcs/Utils/Utils.cpp srcs/File/File.hpp srcs/Server/Server.hpp srcs/Config/Config.hpp srcs/Request/Request.hpp srcs/Response/Response.hpp includes/webserv.hpp srcs/URL/URL.hpp srcs/Utils/Utils.hpp
# automatic
# | := 
# automatic
# < := srcs/Utils/Utils.cpp
# automatic
# ^ := srcs/Utils/Utils.cpp srcs/File/File.hpp srcs/Server/Server.hpp srcs/Config/Config.hpp srcs/Request/Request.hpp srcs/Response/Response.hpp includes/webserv.hpp srcs/URL/URL.hpp srcs/Utils/Utils.hpp
# automatic
# ? := srcs/Utils/Utils.cpp
# variable set hash-table stats:
# Load=8/32=25%, Rehash=0, Collisions=1/28=4%
#  commands to execute (from `Makefile', line 40):
	@mkdir -p $(OBJS_DIR)
	@mkdir -p $(OBJS_DIR)/srcs
	@mkdir -p $(OBJS_DIR)/srcs/File
	@mkdir -p $(OBJS_DIR)/srcs/Config
	@mkdir -p $(OBJS_DIR)/srcs/Config/Location
	@mkdir -p $(OBJS_DIR)/srcs/Server
	@mkdir -p $(OBJS_DIR)/srcs/Request
	@mkdir -p $(OBJS_DIR)/srcs/Response
	@mkdir -p $(OBJS_DIR)/srcs/URL
	@mkdir -p $(OBJS_DIR)/srcs/Utils
	@$(CC) $(CC_FLAGS) -c $< -o $@
	@printf	"\033[2K\r${BLU}[BUILD]${RST} '$<' $(END)"
	

objs/srcs/URL/URL.o: srcs/URL/URL.cpp srcs/File/File.hpp srcs/Server/Server.hpp srcs/Config/Config.hpp srcs/Request/Request.hpp srcs/Response/Response.hpp includes/webserv.hpp srcs/URL/URL.hpp srcs/Utils/Utils.hpp
#  Implicit rule search has been done.
#  Implicit/static pattern stem: `srcs/URL/URL'
 
#  Last modified 2022-07-12 11:10:52
#  File has been updated.
#  Successfully updated.
# variable set hash-table stats:
# Load=0/32=0%, Rehash=0, Collisions=0/0=0%
#  commands to execute (from `Makefile', line 40):
	@mkdir -p $(OBJS_DIR)
	@mkdir -p $(OBJS_DIR)/srcs
	@mkdir -p $(OBJS_DIR)/srcs/File
	@mkdir -p $(OBJS_DIR)/srcs/Config
	@mkdir -p $(OBJS_DIR)/srcs/Config/Location
	@mkdir -p $(OBJS_DIR)/srcs/Server
	@mkdir -p $(OBJS_DIR)/srcs/Request
	@mkdir -p $(OBJS_DIR)/srcs/Response
	@mkdir -p $(OBJS_DIR)/srcs/URL
	@mkdir -p $(OBJS_DIR)/srcs/Utils
	@$(CC) $(CC_FLAGS) -c $< -o $@
	@printf	"\033[2K\r${BLU}[BUILD]${RST} '$<' $(END)"
	

objs/srcs/File/File.o: srcs/File/File.cpp srcs/File/File.hpp srcs/Server/Server.hpp srcs/Config/Config.hpp srcs/Request/Request.hpp srcs/Response/Response.hpp includes/webserv.hpp srcs/URL/URL.hpp srcs/Utils/Utils.hpp
#  Implicit rule search has been done.
#  Implicit/static pattern stem: `srcs/File/File'
#  Last modified 2022-07-12 11:10:47
#  File has been updated.
#  Successfully updated.
# variable set hash-table stats:
# Load=0/32=0%, Rehash=0, Collisions=0/0=0%
#  commands to execute (from `Makefile', line 40):
	@mkdir -p $(OBJS_DIR)
	@mkdir -p $(OBJS_DIR)/srcs
	@mkdir -p $(OBJS_DIR)/srcs/File
	@mkdir -p $(OBJS_DIR)/srcs/Config
	@mkdir -p $(OBJS_DIR)/srcs/Config/Location
	@mkdir -p $(OBJS_DIR)/srcs/Server
	@mkdir -p $(OBJS_DIR)/srcs/Request
	@mkdir -p $(OBJS_DIR)/srcs/Response
	@mkdir -p $(OBJS_DIR)/srcs/URL
	@mkdir -p $(OBJS_DIR)/srcs/Utils
	@$(CC) $(CC_FLAGS) -c $< -o $@
	@printf	"\033[2K\r${BLU}[BUILD]${RST} '$<' $(END)"
	

fclean: clean
#  Phony target (prerequisite of .PHONY).
#  Implicit rule search has not been done.
#  File does not exist.
#  File has not been updated.
#  commands to execute (from `Makefile', line 64):
	@rm -f $(NAME)
	@printf "\033[2K\r${GRN}[FCLEAN]${RST} done$(END)"
	

# Not a target:
srcs/Config/Config.cpp:
#  Implicit rule search has been done.
#  Last modified 2022-07-12 11:02:42
#  File has been updated.
#  Successfully updated.
# variable set hash-table stats:
# Load=0/32=0%, Rehash=0, Collisions=0/0=0%

# Not a target:
srcs/URL/URL.hpp:
#  Implicit rule search has been done.
#  Last modified 2022-07-12 11:01:02
#  File has been updated.
#  Successfully updated.
# variable set hash-table stats:
# Load=0/32=0%, Rehash=0, Collisions=0/0=0%

# Not a target:
srcs/File/File.hpp:
#  Implicit rule search has been done.
#  Last modified 2022-07-12 11:01:02
#  File has been updated.
#  Successfully updated.
# variable set hash-table stats:
# Load=0/32=0%, Rehash=0, Collisions=0/0=0%

objs/srcs/Config/Config.o: srcs/Config/Config.cpp srcs/File/File.hpp srcs/Server/Server.hpp srcs/Config/Config.hpp srcs/Request/Request.hpp srcs/Response/Response.hpp includes/webserv.hpp srcs/URL/URL.hpp srcs/Utils/Utils.hpp
#  Implicit rule search has been done.
#  Implicit/static pattern stem: `srcs/Config/Config'
#  Last modified 2022-07-12 11:10:49
#  File has been updated.
#  Successfully updated.
# variable set hash-table stats:
# Load=0/32=0%, Rehash=0, Collisions=0/0=0%
#  commands to execute (from `Makefile', line 40):
	@mkdir -p $(OBJS_DIR)
	@mkdir -p $(OBJS_DIR)/srcs
	@mkdir -p $(OBJS_DIR)/srcs/File
	@mkdir -p $(OBJS_DIR)/srcs/Config
	@mkdir -p $(OBJS_DIR)/srcs/Config/Location
	@mkdir -p $(OBJS_DIR)/srcs/Server
	@mkdir -p $(OBJS_DIR)/srcs/Request
	@mkdir -p $(OBJS_DIR)/srcs/Response
	@mkdir -p $(OBJS_DIR)/srcs/URL
	@mkdir -p $(OBJS_DIR)/srcs/Utils
	@$(CC) $(CC_FLAGS) -c $< -o $@
	@printf	"\033[2K\r${BLU}[BUILD]${RST} '$<' $(END)"
	

# Not a target:
.DEFAULT:
#  Implicit rule search has not been done.
#  Modification time never checked.
#  File has not been updated.

re: fclean all
#  Phony target (prerequisite of .PHONY).
#  Implicit rule search has not been done.
#  File does not exist.
#  File has not been updated.

# Not a target:
includes/webserv.hpp:
#  Implicit rule search has been done.
#  Last modified 2022-07-12 11:01:02
#  File has been updated.
#  Successfully updated.
# variable set hash-table stats:
# Load=0/32=0%, Rehash=0, Collisions=0/0=0%

# Not a target:
srcs/Config/Config.hpp:
#  Implicit rule search has been done.
#  Last modified 2022-07-12 11:02:43
#  File has been updated.
#  Successfully updated.
# variable set hash-table stats:
# Load=0/32=0%, Rehash=0, Collisions=0/0=0%

clean:
#  Phony target (prerequisite of .PHONY).
#  Implicit rule search has not been done.
#  File does not exist.
#  File has not been updated.
#  commands to execute (from `Makefile', line 60):
	@rm -rf $(OBJS_DIR)
	@printf "\033[2K\r${GRN}[CLEAN]${RST} done$(END)"
	

# Not a target:
start_servers.cpp:
#  Implicit rule search has been done.
#  Last modified 2022-07-12 11:01:02
#  File has been updated.
#  Successfully updated.
# variable set hash-table stats:
# Load=0/32=0%, Rehash=0, Collisions=0/0=0%

objs/start_servers.o: start_servers.cpp srcs/File/File.hpp srcs/Server/Server.hpp srcs/Config/Config.hpp srcs/Request/Request.hpp srcs/Response/Response.hpp includes/webserv.hpp srcs/URL/URL.hpp srcs/Utils/Utils.hpp
#  Implicit rule search has been done.
#  Implicit/static pattern stem: `start_servers'
#  Last modified 2022-07-12 11:10:51
#  File has been updated.
#  Successfully updated.
# variable set hash-table stats:
# Load=0/32=0%, Rehash=0, Collisions=0/0=0%
#  commands to execute (from `Makefile', line 40):
	@mkdir -p $(OBJS_DIR)
	@mkdir -p $(OBJS_DIR)/srcs
	@mkdir -p $(OBJS_DIR)/srcs/File
	@mkdir -p $(OBJS_DIR)/srcs/Config
	@mkdir -p $(OBJS_DIR)/srcs/Config/Location
	@mkdir -p $(OBJS_DIR)/srcs/Server
	@mkdir -p $(OBJS_DIR)/srcs/Request
	@mkdir -p $(OBJS_DIR)/srcs/Response
	@mkdir -p $(OBJS_DIR)/srcs/URL
	@mkdir -p $(OBJS_DIR)/srcs/Utils
	@$(CC) $(CC_FLAGS) -c $< -o $@
	@printf	"\033[2K\r${BLU}[BUILD]${RST} '$<' $(END)"
	

# Not a target:
srcs/Server/Server.cpp:
#  Implicit rule search has been done.
#  Last modified 2022-07-12 11:01:02
#  File has been updated.
#  Successfully updated.
# variable set hash-table stats:
# Load=0/32=0%, Rehash=0, Collisions=0/0=0%

objs/srcs/Server/Server.o: srcs/Server/Server.cpp srcs/File/File.hpp srcs/Server/Server.hpp srcs/Config/Config.hpp srcs/Request/Request.hpp srcs/Response/Response.hpp includes/webserv.hpp srcs/URL/URL.hpp srcs/Utils/Utils.hpp
#  Implicit rule search has been done.
#  Implicit/static pattern stem: `srcs/Server/Server'
#  Last modified 2022-07-12 11:10:48
#  File has been updated.
#  Successfully updated.
# variable set hash-table stats:
# Load=0/32=0%, Rehash=0, Collisions=0/0=0%
#  commands to execute (from `Makefile', line 40):
	@mkdir -p $(OBJS_DIR)
	@mkdir -p $(OBJS_DIR)/srcs
	@mkdir -p $(OBJS_DIR)/srcs/File
	@mkdir -p $(OBJS_DIR)/srcs/Config
	@mkdir -p $(OBJS_DIR)/srcs/Config/Location
	@mkdir -p $(OBJS_DIR)/srcs/Server
	@mkdir -p $(OBJS_DIR)/srcs/Request
	@mkdir -p $(OBJS_DIR)/srcs/Response
	@mkdir -p $(OBJS_DIR)/srcs/URL
	@mkdir -p $(OBJS_DIR)/srcs/Utils
	@$(CC) $(CC_FLAGS) -c $< -o $@
	@printf	"\033[2K\r${BLU}[BUILD]${RST} '$<' $(END)"
	

# Not a target:
srcs/Response/Response.cpp:
#  Implicit rule search has been done.
#  Last modified 2022-07-12 11:01:02
#  File has been updated.
#  Successfully updated.
# variable set hash-table stats:
# Load=0/32=0%, Rehash=0, Collisions=0/0=0%

# files hash-table stats:
# Load=37/1024=4%, Rehash=0, Collisions=2/258=1%
# VPATH Search Paths

# No `vpath' search paths.

# No general (`VPATH' variable) search path.

# # of strings in strcache: 1
# # of strcache buffers: 1
# strcache size: total = 4096 / max = 4096 / min = 4096 / avg = 4096
# strcache free: total = 4087 / max = 4087 / min = 4087 / avg = 4087

# Finished Make data base on Tue Jul 12 15:22:06 2022

 
